INFO - 04/03/18 22:40:51 - 0:00:00 - ============ Initialized logger ============
INFO - 04/03/18 22:40:51 - 0:00:00 - adversarial: True
                                     batch_size: 256
                                     cuda: True
                                     dico_build: S2T&T2S
                                     dico_max_rank: 0
                                     dico_max_size: 0
                                     dico_method: csls_knn_10
                                     dico_min_size: 0
                                     dico_threshold: 0
                                     dis_clip_weights: 0
                                     dis_dropout: 0.0
                                     dis_hid_dim: 500
                                     dis_input_dropout: 0.1
                                     dis_lambda: 1
                                     dis_layers: 2
                                     dis_most_frequent: 3000
                                     dis_optimizer: sgd,lr=0.1
                                     dis_smooth: 0.1
                                     dis_steps: 5
                                     emb_dim: 50
                                     epoch_size: 100000
                                     exp_name: debug
                                     exp_path: /disk/xfbai/mywork/muse2/dumped/debug/hlvoq2faq8
                                     export: False
                                     lr_decay: 0.98
                                     lr_shrink: 0.5
                                     map_beta: 0.0001
                                     map_id_init: True
                                     map_optimizer: sgd,lr=0.1
                                     max_vocab: 200000
                                     min_lr: 1e-06
                                     n_epochs: 50
                                     n_refinement: 0
                                     normalize_embeddings: center
                                     number: 2
                                     seed: -1
                                     src_emb: data/word2vec.zh
                                     src_lang: zh
                                     tgt_emb: data/word2vec.en
                                     tgt_lang: en
                                     verbose: 2
INFO - 04/03/18 22:40:51 - 0:00:00 - The experiment will be stored in /disk/xfbai/mywork/muse2/dumped/debug/hlvoq2faq8
INFO - 04/03/18 22:40:51 - 0:00:00 - Loaded 3349 pre-trained word embeddings
INFO - 04/03/18 22:40:54 - 0:00:03 - Loaded 5154 pre-trained word embeddings
INFO - 04/03/18 22:40:54 - 0:00:03 - ----> ADVERSARIAL TRAINING <----
                                     
                                     
INFO - 04/03/18 22:40:54 - 0:00:03 - Starting adversarial training epoch 0...
INFO - 04/03/18 22:40:54 - 0:00:03 - 000000 - Discriminator loss: 0.6915 - 2331 samples/s
INFO - 04/03/18 22:40:56 - 0:00:05 - 032000 - Discriminator loss: 0.5189 - 35650 samples/s
INFO - 04/03/18 22:40:58 - 0:00:06 - 064000 - Discriminator loss: 0.4992 - 40505 samples/s
INFO - 04/03/18 22:40:59 - 0:00:08 - 096000 - Discriminator loss: 0.4525 - 39182 samples/s
INFO - 04/03/18 22:41:01 - 0:00:10 - Building the train dictionary ...
INFO - 04/03/18 22:41:01 - 0:00:10 - New train dictionary of 3349 pairs.
INFO - 04/03/18 22:41:01 - 0:00:10 - Mean cosine (csls_knn_10 method, S2T build, 10000 max size): 0.55827
INFO - 04/03/18 22:41:01 - 0:00:10 - Found 3311 pairs of words in the dictionary (2145 unique). 45522 other pairs contained at least one unknown word (44366 in lang1, 32688 in lang2)
INFO - 04/03/18 22:41:01 - 0:00:10 - 2145 source words - csls_knn_10 - Precision at k = 1: 0.000000
INFO - 04/03/18 22:41:02 - 0:00:10 - 2145 source words - csls_knn_10 - Precision at k = 5: 0.093240
INFO - 04/03/18 22:41:02 - 0:00:10 - 2145 source words - csls_knn_10 - Precision at k = 10: 0.233100
INFO - 04/03/18 22:41:02 - 0:00:11 - Discriminator source / target predictions: 0.74153 / 0.16155
INFO - 04/03/18 22:41:02 - 0:00:11 - Discriminator source / target / global accuracy: 0.96895 / 0.96314 / 0.96542
INFO - 04/03/18 22:41:02 - 0:00:11 - __log__:{"n_epoch": 0, "mean_cosine-csls_knn_10-S2T-10000": 0.5582709312438965, "precision_at_1-csls_knn_10": 0.0, "precision_at_5-csls_knn_10": 0.09324009324009325, "precision_at_10-csls_knn_10": 0.2331002331002331, "dis_accu": 0.9654239680112902, "dis_src_pred": 0.7415276328977737, "dis_tgt_pred": 0.16155319348383126}
INFO - 04/03/18 22:41:02 - 0:00:11 - * Best value for "mean_cosine-csls_knn_10-S2T-10000": 0.55827
INFO - 04/03/18 22:41:02 - 0:00:11 - * Saving the mapping to /disk/xfbai/mywork/muse2/dumped/debug/hlvoq2faq8/best_mapping.pth ...
INFO - 04/03/18 22:41:02 - 0:00:11 - End of epoch 0.
                                     
                                     
INFO - 04/03/18 22:41:02 - 0:00:11 - Decreasing learning rate: 0.10000000 -> 0.09800000
INFO - 04/03/18 22:41:02 - 0:00:11 - Starting adversarial training epoch 1...
INFO - 04/03/18 22:41:02 - 0:00:11 - 000000 - Discriminator loss: 0.4374 - 40685 samples/s
INFO - 04/03/18 22:41:03 - 0:00:12 - 032000 - Discriminator loss: 0.4300 - 42028 samples/s
INFO - 04/03/18 22:41:05 - 0:00:14 - 064000 - Discriminator loss: 0.4189 - 42087 samples/s
INFO - 04/03/18 22:41:06 - 0:00:15 - 096000 - Discriminator loss: 0.4099 - 42400 samples/s
INFO - 04/03/18 22:41:07 - 0:00:16 - Building the train dictionary ...
INFO - 04/03/18 22:41:07 - 0:00:16 - New train dictionary of 3349 pairs.
INFO - 04/03/18 22:41:07 - 0:00:16 - Mean cosine (csls_knn_10 method, S2T build, 10000 max size): 0.56980
INFO - 04/03/18 22:41:07 - 0:00:16 - Found 3311 pairs of words in the dictionary (2145 unique). 45522 other pairs contained at least one unknown word (44366 in lang1, 32688 in lang2)
INFO - 04/03/18 22:41:08 - 0:00:16 - 2145 source words - csls_knn_10 - Precision at k = 1: 0.000000
INFO - 04/03/18 22:41:08 - 0:00:16 - 2145 source words - csls_knn_10 - Precision at k = 5: 0.046620
INFO - 04/03/18 22:41:08 - 0:00:17 - 2145 source words - csls_knn_10 - Precision at k = 10: 0.046620
INFO - 04/03/18 22:41:08 - 0:00:17 - Discriminator source / target predictions: 0.90345 / 0.29657
INFO - 04/03/18 22:41:08 - 0:00:17 - Discriminator source / target / global accuracy: 0.99970 / 0.84032 / 0.90309
INFO - 04/03/18 22:41:08 - 0:00:17 - __log__:{"n_epoch": 1, "mean_cosine-csls_knn_10-S2T-10000": 0.5697957277297974, "precision_at_1-csls_knn_10": 0.0, "precision_at_5-csls_knn_10": 0.046620046620046623, "precision_at_10-csls_knn_10": 0.046620046620046623, "dis_accu": 0.9030930259908267, "dis_src_pred": 0.9034549427694547, "dis_tgt_pred": 0.2965676431678023}
INFO - 04/03/18 22:41:08 - 0:00:17 - * Best value for "mean_cosine-csls_knn_10-S2T-10000": 0.56980
INFO - 04/03/18 22:41:08 - 0:00:17 - * Saving the mapping to /disk/xfbai/mywork/muse2/dumped/debug/hlvoq2faq8/best_mapping.pth ...
INFO - 04/03/18 22:41:08 - 0:00:17 - End of epoch 1.
                                     
                                     
INFO - 04/03/18 22:41:08 - 0:00:17 - Decreasing learning rate: 0.09800000 -> 0.09604000
INFO - 04/03/18 22:41:08 - 0:00:17 - Starting adversarial training epoch 2...
INFO - 04/03/18 22:41:08 - 0:00:17 - 000000 - Discriminator loss: 0.4363 - 28909 samples/s
INFO - 04/03/18 22:41:10 - 0:00:18 - 032000 - Discriminator loss: 0.4040 - 35852 samples/s
INFO - 04/03/18 22:41:11 - 0:00:20 - 064000 - Discriminator loss: 0.3989 - 43731 samples/s
INFO - 04/03/18 22:41:13 - 0:00:21 - 096000 - Discriminator loss: 0.4027 - 39998 samples/s
INFO - 04/03/18 22:41:13 - 0:00:22 - Building the train dictionary ...
INFO - 04/03/18 22:41:13 - 0:00:22 - New train dictionary of 3349 pairs.
INFO - 04/03/18 22:41:13 - 0:00:22 - Mean cosine (csls_knn_10 method, S2T build, 10000 max size): 0.57753
INFO - 04/03/18 22:41:14 - 0:00:22 - Found 3311 pairs of words in the dictionary (2145 unique). 45522 other pairs contained at least one unknown word (44366 in lang1, 32688 in lang2)
INFO - 04/03/18 22:41:14 - 0:00:23 - 2145 source words - csls_knn_10 - Precision at k = 1: 0.000000
INFO - 04/03/18 22:41:14 - 0:00:23 - 2145 source words - csls_knn_10 - Precision at k = 5: 0.093240
INFO - 04/03/18 22:41:14 - 0:00:23 - 2145 source words - csls_knn_10 - Precision at k = 10: 0.326340
INFO - 04/03/18 22:41:14 - 0:00:23 - Discriminator source / target predictions: 0.82986 / 0.17654
INFO - 04/03/18 22:41:14 - 0:00:23 - Discriminator source / target / global accuracy: 0.99492 / 0.93035 / 0.95578
INFO - 04/03/18 22:41:14 - 0:00:23 - __log__:{"n_epoch": 2, "mean_cosine-csls_knn_10-S2T-10000": 0.5775260329246521, "precision_at_1-csls_knn_10": 0.0, "precision_at_5-csls_knn_10": 0.09324009324009325, "precision_at_10-csls_knn_10": 0.32634032634032634, "dis_accu": 0.9557803128307656, "dis_src_pred": 0.8298571701190763, "dis_tgt_pred": 0.17653861350452527}
INFO - 04/03/18 22:41:14 - 0:00:23 - * Best value for "mean_cosine-csls_knn_10-S2T-10000": 0.57753
INFO - 04/03/18 22:41:14 - 0:00:23 - * Saving the mapping to /disk/xfbai/mywork/muse2/dumped/debug/hlvoq2faq8/best_mapping.pth ...
INFO - 04/03/18 22:41:14 - 0:00:23 - End of epoch 2.
                                     
                                     
INFO - 04/03/18 22:41:14 - 0:00:23 - Decreasing learning rate: 0.09604000 -> 0.09411920
INFO - 04/03/18 22:41:14 - 0:00:23 - Starting adversarial training epoch 3...
INFO - 04/03/18 22:41:14 - 0:00:23 - 000000 - Discriminator loss: 0.3833 - 28850 samples/s
INFO - 04/03/18 22:41:16 - 0:00:25 - 032000 - Discriminator loss: 0.3946 - 37181 samples/s
INFO - 04/03/18 22:41:18 - 0:00:26 - 064000 - Discriminator loss: 0.3929 - 39623 samples/s
INFO - 04/03/18 22:41:19 - 0:00:28 - 096000 - Discriminator loss: 0.3936 - 42821 samples/s
INFO - 04/03/18 22:41:20 - 0:00:29 - Building the train dictionary ...
INFO - 04/03/18 22:41:20 - 0:00:29 - New train dictionary of 3349 pairs.
INFO - 04/03/18 22:41:20 - 0:00:29 - Mean cosine (csls_knn_10 method, S2T build, 10000 max size): 0.58394
INFO - 04/03/18 22:41:20 - 0:00:29 - Found 3311 pairs of words in the dictionary (2145 unique). 45522 other pairs contained at least one unknown word (44366 in lang1, 32688 in lang2)
INFO - 04/03/18 22:41:20 - 0:00:29 - 2145 source words - csls_knn_10 - Precision at k = 1: 0.139860
INFO - 04/03/18 22:41:20 - 0:00:29 - 2145 source words - csls_knn_10 - Precision at k = 5: 0.279720
INFO - 04/03/18 22:41:21 - 0:00:29 - 2145 source words - csls_knn_10 - Precision at k = 10: 0.512821
INFO - 04/03/18 22:41:21 - 0:00:29 - Discriminator source / target predictions: 0.84076 / 0.16879
INFO - 04/03/18 22:41:21 - 0:00:29 - Discriminator source / target / global accuracy: 0.99672 / 0.93229 / 0.95766
INFO - 04/03/18 22:41:21 - 0:00:29 - __log__:{"n_epoch": 3, "mean_cosine-csls_knn_10-S2T-10000": 0.5839383602142334, "precision_at_1-csls_knn_10": 0.13986013986013987, "precision_at_5-csls_knn_10": 0.27972027972027974, "precision_at_10-csls_knn_10": 0.5128205128205128, "dis_accu": 0.9576620016464777, "dis_src_pred": 0.8407634076929049, "dis_tgt_pred": 0.16878626187480872}
INFO - 04/03/18 22:41:21 - 0:00:29 - * Best value for "mean_cosine-csls_knn_10-S2T-10000": 0.58394
INFO - 04/03/18 22:41:21 - 0:00:29 - * Saving the mapping to /disk/xfbai/mywork/muse2/dumped/debug/hlvoq2faq8/best_mapping.pth ...
INFO - 04/03/18 22:41:21 - 0:00:29 - End of epoch 3.
                                     
                                     
INFO - 04/03/18 22:41:21 - 0:00:29 - Decreasing learning rate: 0.09411920 -> 0.09223682
INFO - 04/03/18 22:41:21 - 0:00:29 - Starting adversarial training epoch 4...
INFO - 04/03/18 22:41:21 - 0:00:29 - 000000 - Discriminator loss: 0.3797 - 33942 samples/s
INFO - 04/03/18 22:41:22 - 0:00:31 - 032000 - Discriminator loss: 0.3867 - 38950 samples/s
INFO - 04/03/18 22:41:24 - 0:00:33 - 064000 - Discriminator loss: 0.3870 - 40839 samples/s
INFO - 04/03/18 22:41:25 - 0:00:34 - 096000 - Discriminator loss: 0.3842 - 41026 samples/s
INFO - 04/03/18 22:41:26 - 0:00:35 - Building the train dictionary ...
INFO - 04/03/18 22:41:26 - 0:00:35 - New train dictionary of 3349 pairs.
INFO - 04/03/18 22:41:26 - 0:00:35 - Mean cosine (csls_knn_10 method, S2T build, 10000 max size): 0.58553
INFO - 04/03/18 22:41:26 - 0:00:35 - Found 3311 pairs of words in the dictionary (2145 unique). 45522 other pairs contained at least one unknown word (44366 in lang1, 32688 in lang2)
INFO - 04/03/18 22:41:27 - 0:00:36 - 2145 source words - csls_knn_10 - Precision at k = 1: 0.139860
INFO - 04/03/18 22:41:27 - 0:00:36 - 2145 source words - csls_knn_10 - Precision at k = 5: 0.466200
INFO - 04/03/18 22:41:27 - 0:00:36 - 2145 source words - csls_knn_10 - Precision at k = 10: 0.979021
INFO - 04/03/18 22:41:27 - 0:00:36 - Discriminator source / target predictions: 0.88271 / 0.21423
INFO - 04/03/18 22:41:27 - 0:00:36 - Discriminator source / target / global accuracy: 0.99881 / 0.90105 / 0.93955
INFO - 04/03/18 22:41:27 - 0:00:36 - __log__:{"n_epoch": 4, "mean_cosine-csls_knn_10-S2T-10000": 0.5855339765548706, "precision_at_1-csls_knn_10": 0.13986013986013987, "precision_at_5-csls_knn_10": 0.4662004662004662, "precision_at_10-csls_knn_10": 0.9790209790209791, "dis_accu": 0.9395507467952487, "dis_src_pred": 0.8827090420520779, "dis_tgt_pred": 0.2142256564665969}
INFO - 04/03/18 22:41:27 - 0:00:36 - * Best value for "mean_cosine-csls_knn_10-S2T-10000": 0.58553
INFO - 04/03/18 22:41:27 - 0:00:36 - * Saving the mapping to /disk/xfbai/mywork/muse2/dumped/debug/hlvoq2faq8/best_mapping.pth ...
INFO - 04/03/18 22:41:27 - 0:00:36 - End of epoch 4.
                                     
                                     
INFO - 04/03/18 22:41:27 - 0:00:36 - Decreasing learning rate: 0.09223682 -> 0.09039208
INFO - 04/03/18 22:41:27 - 0:00:36 - Starting adversarial training epoch 5...
INFO - 04/03/18 22:41:27 - 0:00:36 - 000000 - Discriminator loss: 0.3738 - 39947 samples/s
INFO - 04/03/18 22:41:29 - 0:00:37 - 032000 - Discriminator loss: 0.3846 - 37787 samples/s
INFO - 04/03/18 22:41:30 - 0:00:39 - 064000 - Discriminator loss: 0.3789 - 38955 samples/s
INFO - 04/03/18 22:41:32 - 0:00:41 - 096000 - Discriminator loss: 0.3766 - 42824 samples/s
INFO - 04/03/18 22:41:33 - 0:00:41 - Building the train dictionary ...
INFO - 04/03/18 22:41:33 - 0:00:41 - New train dictionary of 3349 pairs.
INFO - 04/03/18 22:41:33 - 0:00:41 - Mean cosine (csls_knn_10 method, S2T build, 10000 max size): 0.58524
INFO - 04/03/18 22:41:33 - 0:00:42 - Found 3311 pairs of words in the dictionary (2145 unique). 45522 other pairs contained at least one unknown word (44366 in lang1, 32688 in lang2)
INFO - 04/03/18 22:41:33 - 0:00:42 - 2145 source words - csls_knn_10 - Precision at k = 1: 0.046620
INFO - 04/03/18 22:41:33 - 0:00:42 - 2145 source words - csls_knn_10 - Precision at k = 5: 0.606061
INFO - 04/03/18 22:41:33 - 0:00:42 - 2145 source words - csls_knn_10 - Precision at k = 10: 1.072261
INFO - 04/03/18 22:41:33 - 0:00:42 - Discriminator source / target predictions: 0.86316 / 0.17618
INFO - 04/03/18 22:41:33 - 0:00:42 - Discriminator source / target / global accuracy: 0.99672 / 0.91735 / 0.94861
INFO - 04/03/18 22:41:33 - 0:00:42 - __log__:{"n_epoch": 5, "mean_cosine-csls_knn_10-S2T-10000": 0.5852373242378235, "precision_at_1-csls_knn_10": 0.046620046620046623, "precision_at_5-csls_knn_10": 0.6060606060606061, "precision_at_10-csls_knn_10": 1.0722610722610724, "dis_accu": 0.9486063742208632, "dis_src_pred": 0.8631601575133551, "dis_tgt_pred": 0.17617530396698222}
INFO - 04/03/18 22:41:33 - 0:00:42 - End of epoch 5.
                                     
                                     
INFO - 04/03/18 22:41:33 - 0:00:42 - Decreasing learning rate: 0.09039208 -> 0.08858424
INFO - 04/03/18 22:41:33 - 0:00:42 - Validation metric is smaller than the best: 0.58524 vs 0.58553
INFO - 04/03/18 22:41:33 - 0:00:42 - Starting adversarial training epoch 6...
INFO - 04/03/18 22:41:33 - 0:00:42 - 000000 - Discriminator loss: 0.3721 - 28346 samples/s
INFO - 04/03/18 22:41:35 - 0:00:44 - 032000 - Discriminator loss: 0.3795 - 41044 samples/s
INFO - 04/03/18 22:41:37 - 0:00:45 - 064000 - Discriminator loss: 0.3795 - 37847 samples/s
INFO - 04/03/18 22:41:38 - 0:00:47 - 096000 - Discriminator loss: 0.3770 - 43144 samples/s
INFO - 04/03/18 22:41:39 - 0:00:48 - Building the train dictionary ...
INFO - 04/03/18 22:41:39 - 0:00:48 - New train dictionary of 3349 pairs.
INFO - 04/03/18 22:41:39 - 0:00:48 - Mean cosine (csls_knn_10 method, S2T build, 10000 max size): 0.58770
INFO - 04/03/18 22:41:39 - 0:00:48 - Found 3311 pairs of words in the dictionary (2145 unique). 45522 other pairs contained at least one unknown word (44366 in lang1, 32688 in lang2)
INFO - 04/03/18 22:41:40 - 0:00:48 - 2145 source words - csls_knn_10 - Precision at k = 1: 0.093240
INFO - 04/03/18 22:41:40 - 0:00:48 - 2145 source words - csls_knn_10 - Precision at k = 5: 0.279720
INFO - 04/03/18 22:41:40 - 0:00:49 - 2145 source words - csls_knn_10 - Precision at k = 10: 0.419580
INFO - 04/03/18 22:41:40 - 0:00:49 - Discriminator source / target predictions: 0.85733 / 0.17653
INFO - 04/03/18 22:41:40 - 0:00:49 - Discriminator source / target / global accuracy: 0.99642 / 0.91890 / 0.94943
INFO - 04/03/18 22:41:40 - 0:00:49 - __log__:{"n_epoch": 6, "mean_cosine-csls_knn_10-S2T-10000": 0.5876972079277039, "precision_at_1-csls_knn_10": 0.09324009324009325, "precision_at_5-csls_knn_10": 0.27972027972027974, "precision_at_10-csls_knn_10": 0.4195804195804196, "dis_accu": 0.9494296130777373, "dis_src_pred": 0.8573261915605151, "dis_tgt_pred": 0.17653465170708157}
INFO - 04/03/18 22:41:40 - 0:00:49 - * Best value for "mean_cosine-csls_knn_10-S2T-10000": 0.58770
INFO - 04/03/18 22:41:40 - 0:00:49 - * Saving the mapping to /disk/xfbai/mywork/muse2/dumped/debug/hlvoq2faq8/best_mapping.pth ...
INFO - 04/03/18 22:41:40 - 0:00:49 - End of epoch 6.
                                     
                                     
INFO - 04/03/18 22:41:40 - 0:00:49 - Decreasing learning rate: 0.08858424 -> 0.08681255
INFO - 04/03/18 22:41:40 - 0:00:49 - Starting adversarial training epoch 7...
INFO - 04/03/18 22:41:40 - 0:00:49 - 000000 - Discriminator loss: 0.3701 - 29941 samples/s
INFO - 04/03/18 22:41:41 - 0:00:50 - 032000 - Discriminator loss: 0.3748 - 42777 samples/s
INFO - 04/03/18 22:41:43 - 0:00:52 - 064000 - Discriminator loss: 0.3756 - 37650 samples/s
INFO - 04/03/18 22:41:45 - 0:00:53 - 096000 - Discriminator loss: 0.3751 - 38828 samples/s
INFO - 04/03/18 22:41:45 - 0:00:54 - Building the train dictionary ...
INFO - 04/03/18 22:41:45 - 0:00:54 - New train dictionary of 3349 pairs.
INFO - 04/03/18 22:41:45 - 0:00:54 - Mean cosine (csls_knn_10 method, S2T build, 10000 max size): 0.58798
INFO - 04/03/18 22:41:46 - 0:00:54 - Found 3311 pairs of words in the dictionary (2145 unique). 45522 other pairs contained at least one unknown word (44366 in lang1, 32688 in lang2)
INFO - 04/03/18 22:41:46 - 0:00:55 - 2145 source words - csls_knn_10 - Precision at k = 1: 0.046620
INFO - 04/03/18 22:41:46 - 0:00:55 - 2145 source words - csls_knn_10 - Precision at k = 5: 0.186480
INFO - 04/03/18 22:41:46 - 0:00:55 - 2145 source words - csls_knn_10 - Precision at k = 10: 0.372960
INFO - 04/03/18 22:41:46 - 0:00:55 - Discriminator source / target predictions: 0.84196 / 0.15500
INFO - 04/03/18 22:41:46 - 0:00:55 - Discriminator source / target / global accuracy: 0.99910 / 0.93384 / 0.95954
INFO - 04/03/18 22:41:46 - 0:00:55 - __log__:{"n_epoch": 7, "mean_cosine-csls_knn_10-S2T-10000": 0.5879791378974915, "precision_at_1-csls_knn_10": 0.046620046620046623, "precision_at_5-csls_knn_10": 0.1864801864801865, "precision_at_10-csls_knn_10": 0.372960372960373, "dis_accu": 0.9595436904621898, "dis_src_pred": 0.8419583010011447, "dis_tgt_pred": 0.15499853837615704}
INFO - 04/03/18 22:41:46 - 0:00:55 - * Best value for "mean_cosine-csls_knn_10-S2T-10000": 0.58798
INFO - 04/03/18 22:41:46 - 0:00:55 - * Saving the mapping to /disk/xfbai/mywork/muse2/dumped/debug/hlvoq2faq8/best_mapping.pth ...
INFO - 04/03/18 22:41:46 - 0:00:55 - End of epoch 7.
                                     
                                     
INFO - 04/03/18 22:41:46 - 0:00:55 - Decreasing learning rate: 0.08681255 -> 0.08507630
INFO - 04/03/18 22:41:46 - 0:00:55 - Starting adversarial training epoch 8...
INFO - 04/03/18 22:41:46 - 0:00:55 - 000000 - Discriminator loss: 0.3711 - 40799 samples/s
INFO - 04/03/18 22:41:48 - 0:00:57 - 032000 - Discriminator loss: 0.3723 - 39915 samples/s
INFO - 04/03/18 22:41:49 - 0:00:58 - 064000 - Discriminator loss: 0.3743 - 41965 samples/s
INFO - 04/03/18 22:41:51 - 0:01:00 - 096000 - Discriminator loss: 0.3737 - 42500 samples/s
INFO - 04/03/18 22:41:52 - 0:01:00 - Building the train dictionary ...
INFO - 04/03/18 22:41:52 - 0:01:00 - New train dictionary of 3349 pairs.
INFO - 04/03/18 22:41:52 - 0:01:00 - Mean cosine (csls_knn_10 method, S2T build, 10000 max size): 0.58837
INFO - 04/03/18 22:41:52 - 0:01:01 - Found 3311 pairs of words in the dictionary (2145 unique). 45522 other pairs contained at least one unknown word (44366 in lang1, 32688 in lang2)
INFO - 04/03/18 22:41:52 - 0:01:01 - 2145 source words - csls_knn_10 - Precision at k = 1: 0.000000
INFO - 04/03/18 22:41:52 - 0:01:01 - 2145 source words - csls_knn_10 - Precision at k = 5: 0.046620
INFO - 04/03/18 22:41:52 - 0:01:01 - 2145 source words - csls_knn_10 - Precision at k = 10: 0.279720
INFO - 04/03/18 22:41:52 - 0:01:01 - Discriminator source / target predictions: 0.85151 / 0.16058
INFO - 04/03/18 22:41:52 - 0:01:01 - Discriminator source / target / global accuracy: 0.99910 / 0.92957 / 0.95696
INFO - 04/03/18 22:41:52 - 0:01:01 - __log__:{"n_epoch": 8, "mean_cosine-csls_knn_10-S2T-10000": 0.5883733034133911, "precision_at_1-csls_knn_10": 0.0, "precision_at_5-csls_knn_10": 0.046620046620046623, "precision_at_10-csls_knn_10": 0.27972027972027974, "dis_accu": 0.9569563683405857, "dis_src_pred": 0.8515060173464947, "dis_tgt_pred": 0.1605819100650482}
INFO - 04/03/18 22:41:52 - 0:01:01 - * Best value for "mean_cosine-csls_knn_10-S2T-10000": 0.58837
INFO - 04/03/18 22:41:52 - 0:01:01 - * Saving the mapping to /disk/xfbai/mywork/muse2/dumped/debug/hlvoq2faq8/best_mapping.pth ...
INFO - 04/03/18 22:41:52 - 0:01:01 - End of epoch 8.
                                     
                                     
INFO - 04/03/18 22:41:52 - 0:01:01 - Decreasing learning rate: 0.08507630 -> 0.08337478
INFO - 04/03/18 22:41:52 - 0:01:01 - Starting adversarial training epoch 9...
INFO - 04/03/18 22:41:52 - 0:01:01 - 000000 - Discriminator loss: 0.3648 - 40678 samples/s
INFO - 04/03/18 22:41:54 - 0:01:03 - 032000 - Discriminator loss: 0.3719 - 40520 samples/s
INFO - 04/03/18 22:41:55 - 0:01:04 - 064000 - Discriminator loss: 0.3694 - 42924 samples/s
INFO - 04/03/18 22:41:57 - 0:01:06 - 096000 - Discriminator loss: 0.3705 - 41094 samples/s
INFO - 04/03/18 22:41:58 - 0:01:07 - Building the train dictionary ...
INFO - 04/03/18 22:41:58 - 0:01:07 - New train dictionary of 3349 pairs.
INFO - 04/03/18 22:41:58 - 0:01:07 - Mean cosine (csls_knn_10 method, S2T build, 10000 max size): 0.58964
INFO - 04/03/18 22:41:58 - 0:01:07 - Found 3311 pairs of words in the dictionary (2145 unique). 45522 other pairs contained at least one unknown word (44366 in lang1, 32688 in lang2)
INFO - 04/03/18 22:41:58 - 0:01:07 - 2145 source words - csls_knn_10 - Precision at k = 1: 0.046620
INFO - 04/03/18 22:41:58 - 0:01:07 - 2145 source words - csls_knn_10 - Precision at k = 5: 0.046620
INFO - 04/03/18 22:41:59 - 0:01:07 - 2145 source words - csls_knn_10 - Precision at k = 10: 0.233100
INFO - 04/03/18 22:41:59 - 0:01:07 - Discriminator source / target predictions: 0.77970 / 0.10806
INFO - 04/03/18 22:41:59 - 0:01:07 - Discriminator source / target / global accuracy: 0.98597 / 0.96081 / 0.97072
INFO - 04/03/18 22:41:59 - 0:01:07 - __log__:{"n_epoch": 9, "mean_cosine-csls_knn_10-S2T-10000": 0.5896439552307129, "precision_at_1-csls_knn_10": 0.046620046620046623, "precision_at_5-csls_knn_10": 0.046620046620046623, "precision_at_10-csls_knn_10": 0.2331002331002331, "dis_accu": 0.9707162178054805, "dis_src_pred": 0.7797043764678426, "dis_tgt_pred": 0.10806220215866451}
INFO - 04/03/18 22:41:59 - 0:01:07 - * Best value for "mean_cosine-csls_knn_10-S2T-10000": 0.58964
INFO - 04/03/18 22:41:59 - 0:01:07 - * Saving the mapping to /disk/xfbai/mywork/muse2/dumped/debug/hlvoq2faq8/best_mapping.pth ...
INFO - 04/03/18 22:41:59 - 0:01:07 - End of epoch 9.
                                     
                                     
INFO - 04/03/18 22:41:59 - 0:01:07 - Decreasing learning rate: 0.08337478 -> 0.08170728
INFO - 04/03/18 22:41:59 - 0:01:07 - Starting adversarial training epoch 10...
INFO - 04/03/18 22:41:59 - 0:01:07 - 000000 - Discriminator loss: 0.4092 - 28993 samples/s
INFO - 04/03/18 22:42:00 - 0:01:09 - 032000 - Discriminator loss: 0.3715 - 40248 samples/s
INFO - 04/03/18 22:42:02 - 0:01:11 - 064000 - Discriminator loss: 0.3708 - 40862 samples/s
INFO - 04/03/18 22:42:03 - 0:01:12 - 096000 - Discriminator loss: 0.3702 - 42043 samples/s
INFO - 04/03/18 22:42:04 - 0:01:13 - Building the train dictionary ...
INFO - 04/03/18 22:42:04 - 0:01:13 - New train dictionary of 3349 pairs.
INFO - 04/03/18 22:42:04 - 0:01:13 - Mean cosine (csls_knn_10 method, S2T build, 10000 max size): 0.59296
INFO - 04/03/18 22:42:04 - 0:01:13 - Found 3311 pairs of words in the dictionary (2145 unique). 45522 other pairs contained at least one unknown word (44366 in lang1, 32688 in lang2)
INFO - 04/03/18 22:42:05 - 0:01:13 - 2145 source words - csls_knn_10 - Precision at k = 1: 0.000000
INFO - 04/03/18 22:42:05 - 0:01:14 - 2145 source words - csls_knn_10 - Precision at k = 5: 0.139860
INFO - 04/03/18 22:42:05 - 0:01:14 - 2145 source words - csls_knn_10 - Precision at k = 10: 0.139860
INFO - 04/03/18 22:42:05 - 0:01:14 - Discriminator source / target predictions: 0.89048 / 0.20631
INFO - 04/03/18 22:42:05 - 0:01:14 - Discriminator source / target / global accuracy: 0.99881 / 0.89969 / 0.93873
INFO - 04/03/18 22:42:05 - 0:01:14 - __log__:{"n_epoch": 10, "mean_cosine-csls_knn_10-S2T-10000": 0.5929598808288574, "precision_at_1-csls_knn_10": 0.0, "precision_at_5-csls_knn_10": 0.13986013986013987, "precision_at_10-csls_knn_10": 0.13986013986013987, "dis_accu": 0.9387275079383747, "dis_src_pred": 0.8904828145170112, "dis_tgt_pred": 0.2063079976524072}
INFO - 04/03/18 22:42:05 - 0:01:14 - * Best value for "mean_cosine-csls_knn_10-S2T-10000": 0.59296
INFO - 04/03/18 22:42:05 - 0:01:14 - * Saving the mapping to /disk/xfbai/mywork/muse2/dumped/debug/hlvoq2faq8/best_mapping.pth ...
INFO - 04/03/18 22:42:05 - 0:01:14 - End of epoch 10.
                                     
                                     
INFO - 04/03/18 22:42:05 - 0:01:14 - Decreasing learning rate: 0.08170728 -> 0.08007314
INFO - 04/03/18 22:42:05 - 0:01:14 - Starting adversarial training epoch 11...
INFO - 04/03/18 22:42:05 - 0:01:14 - 000000 - Discriminator loss: 0.3670 - 40026 samples/s
INFO - 04/03/18 22:42:06 - 0:01:15 - 032000 - Discriminator loss: 0.3695 - 40899 samples/s
INFO - 04/03/18 22:42:08 - 0:01:17 - 064000 - Discriminator loss: 0.3646 - 39958 samples/s
INFO - 04/03/18 22:42:10 - 0:01:18 - 096000 - Discriminator loss: 0.3643 - 41667 samples/s
INFO - 04/03/18 22:42:10 - 0:01:19 - Building the train dictionary ...
INFO - 04/03/18 22:42:10 - 0:01:19 - New train dictionary of 3349 pairs.
INFO - 04/03/18 22:42:10 - 0:01:19 - Mean cosine (csls_knn_10 method, S2T build, 10000 max size): 0.59432
INFO - 04/03/18 22:42:10 - 0:01:19 - Found 3311 pairs of words in the dictionary (2145 unique). 45522 other pairs contained at least one unknown word (44366 in lang1, 32688 in lang2)
INFO - 04/03/18 22:42:11 - 0:01:20 - 2145 source words - csls_knn_10 - Precision at k = 1: 0.000000
INFO - 04/03/18 22:42:11 - 0:01:20 - 2145 source words - csls_knn_10 - Precision at k = 5: 0.046620
INFO - 04/03/18 22:42:11 - 0:01:20 - 2145 source words - csls_knn_10 - Precision at k = 10: 0.093240
INFO - 04/03/18 22:42:11 - 0:01:20 - Discriminator source / target predictions: 0.87425 / 0.17911
INFO - 04/03/18 22:42:11 - 0:01:20 - Discriminator source / target / global accuracy: 0.99940 / 0.91482 / 0.94814
INFO - 04/03/18 22:42:11 - 0:01:20 - __log__:{"n_epoch": 11, "mean_cosine-csls_knn_10-S2T-10000": 0.5943248867988586, "precision_at_1-csls_knn_10": 0.0, "precision_at_5-csls_knn_10": 0.046620046620046623, "precision_at_10-csls_knn_10": 0.09324009324009325, "dis_accu": 0.9481359520169352, "dis_src_pred": 0.8742516900611016, "dis_tgt_pred": 0.1791096596975804}
INFO - 04/03/18 22:42:11 - 0:01:20 - * Best value for "mean_cosine-csls_knn_10-S2T-10000": 0.59432
INFO - 04/03/18 22:42:11 - 0:01:20 - * Saving the mapping to /disk/xfbai/mywork/muse2/dumped/debug/hlvoq2faq8/best_mapping.pth ...
INFO - 04/03/18 22:42:11 - 0:01:20 - End of epoch 11.
                                     
                                     
INFO - 04/03/18 22:42:11 - 0:01:20 - Decreasing learning rate: 0.08007314 -> 0.07847167
INFO - 04/03/18 22:42:11 - 0:01:20 - Starting adversarial training epoch 12...
INFO - 04/03/18 22:42:11 - 0:01:20 - 000000 - Discriminator loss: 0.3592 - 30305 samples/s
INFO - 04/03/18 22:42:13 - 0:01:21 - 032000 - Discriminator loss: 0.3672 - 43074 samples/s
INFO - 04/03/18 22:42:14 - 0:01:23 - 064000 - Discriminator loss: 0.3672 - 43275 samples/s
INFO - 04/03/18 22:42:16 - 0:01:25 - 096000 - Discriminator loss: 0.3640 - 39570 samples/s
INFO - 04/03/18 22:42:17 - 0:01:25 - Building the train dictionary ...
INFO - 04/03/18 22:42:17 - 0:01:25 - New train dictionary of 3349 pairs.
INFO - 04/03/18 22:42:17 - 0:01:25 - Mean cosine (csls_knn_10 method, S2T build, 10000 max size): 0.59213
INFO - 04/03/18 22:42:17 - 0:01:25 - Found 3311 pairs of words in the dictionary (2145 unique). 45522 other pairs contained at least one unknown word (44366 in lang1, 32688 in lang2)
INFO - 04/03/18 22:42:17 - 0:01:26 - 2145 source words - csls_knn_10 - Precision at k = 1: 0.000000
INFO - 04/03/18 22:42:17 - 0:01:26 - 2145 source words - csls_knn_10 - Precision at k = 5: 0.046620
INFO - 04/03/18 22:42:17 - 0:01:26 - 2145 source words - csls_knn_10 - Precision at k = 10: 0.233100
INFO - 04/03/18 22:42:17 - 0:01:26 - Discriminator source / target predictions: 0.89203 / 0.20301
INFO - 04/03/18 22:42:17 - 0:01:26 - Discriminator source / target / global accuracy: 1.00000 / 0.89193 / 0.93449
INFO - 04/03/18 22:42:17 - 0:01:26 - __log__:{"n_epoch": 12, "mean_cosine-csls_knn_10-S2T-10000": 0.5921258330345154, "precision_at_1-csls_knn_10": 0.0, "precision_at_5-csls_knn_10": 0.046620046620046623, "precision_at_10-csls_knn_10": 0.2331002331002331, "dis_accu": 0.9344937081030225, "dis_src_pred": 0.8920262140920178, "dis_tgt_pred": 0.20301179111175177}
INFO - 04/03/18 22:42:17 - 0:01:26 - End of epoch 12.
                                     
                                     
INFO - 04/03/18 22:42:17 - 0:01:26 - Decreasing learning rate: 0.07847167 -> 0.07690224
INFO - 04/03/18 22:42:17 - 0:01:26 - Validation metric is smaller than the best: 0.59213 vs 0.59432
INFO - 04/03/18 22:42:17 - 0:01:26 - Shrinking the learning rate: 0.07690 -> 0.03845
INFO - 04/03/18 22:42:17 - 0:01:26 - Starting adversarial training epoch 13...
INFO - 04/03/18 22:42:17 - 0:01:26 - 000000 - Discriminator loss: 0.3618 - 39682 samples/s
INFO - 04/03/18 22:42:19 - 0:01:28 - 032000 - Discriminator loss: 0.3594 - 39643 samples/s
INFO - 04/03/18 22:42:21 - 0:01:29 - 064000 - Discriminator loss: 0.3562 - 35953 samples/s
INFO - 04/03/18 22:42:23 - 0:01:31 - 096000 - Discriminator loss: 0.3551 - 33552 samples/s
INFO - 04/03/18 22:42:23 - 0:01:32 - Building the train dictionary ...
INFO - 04/03/18 22:42:23 - 0:01:32 - New train dictionary of 3349 pairs.
INFO - 04/03/18 22:42:23 - 0:01:32 - Mean cosine (csls_knn_10 method, S2T build, 10000 max size): 0.59403
INFO - 04/03/18 22:42:23 - 0:01:32 - Found 3311 pairs of words in the dictionary (2145 unique). 45522 other pairs contained at least one unknown word (44366 in lang1, 32688 in lang2)
INFO - 04/03/18 22:42:24 - 0:01:33 - 2145 source words - csls_knn_10 - Precision at k = 1: 0.000000
INFO - 04/03/18 22:42:24 - 0:01:33 - 2145 source words - csls_knn_10 - Precision at k = 5: 0.093240
INFO - 04/03/18 22:42:24 - 0:01:33 - 2145 source words - csls_knn_10 - Precision at k = 10: 0.279720
INFO - 04/03/18 22:42:24 - 0:01:33 - Discriminator source / target predictions: 0.88923 / 0.17571
INFO - 04/03/18 22:42:24 - 0:01:33 - Discriminator source / target / global accuracy: 0.99940 / 0.91715 / 0.94955
INFO - 04/03/18 22:42:24 - 0:01:33 - __log__:{"n_epoch": 13, "mean_cosine-csls_knn_10-S2T-10000": 0.594027042388916, "precision_at_1-csls_knn_10": 0.0, "precision_at_5-csls_knn_10": 0.09324009324009325, "precision_at_10-csls_knn_10": 0.27972027972027974, "dis_accu": 0.9495472186287193, "dis_src_pred": 0.8892347171132904, "dis_tgt_pred": 0.17570785558983093}
INFO - 04/03/18 22:42:24 - 0:01:33 - End of epoch 13.
                                     
                                     
INFO - 04/03/18 22:42:24 - 0:01:33 - Decreasing learning rate: 0.03845112 -> 0.03768210
INFO - 04/03/18 22:42:24 - 0:01:33 - Validation metric is smaller than the best: 0.59403 vs 0.59432
INFO - 04/03/18 22:42:24 - 0:01:33 - Shrinking the learning rate: 0.03768 -> 0.01884
INFO - 04/03/18 22:42:24 - 0:01:33 - Starting adversarial training epoch 14...
INFO - 04/03/18 22:42:24 - 0:01:33 - 000000 - Discriminator loss: 0.3542 - 28336 samples/s
INFO - 04/03/18 22:42:26 - 0:01:35 - 032000 - Discriminator loss: 0.3531 - 40850 samples/s
INFO - 04/03/18 22:42:27 - 0:01:36 - 064000 - Discriminator loss: 0.3511 - 42229 samples/s
INFO - 04/03/18 22:42:29 - 0:01:38 - 096000 - Discriminator loss: 0.3497 - 39713 samples/s
INFO - 04/03/18 22:42:30 - 0:01:39 - Building the train dictionary ...
INFO - 04/03/18 22:42:30 - 0:01:39 - New train dictionary of 3349 pairs.
INFO - 04/03/18 22:42:30 - 0:01:39 - Mean cosine (csls_knn_10 method, S2T build, 10000 max size): 0.59553
INFO - 04/03/18 22:42:30 - 0:01:39 - Found 3311 pairs of words in the dictionary (2145 unique). 45522 other pairs contained at least one unknown word (44366 in lang1, 32688 in lang2)
INFO - 04/03/18 22:42:30 - 0:01:39 - 2145 source words - csls_knn_10 - Precision at k = 1: 0.000000
INFO - 04/03/18 22:42:31 - 0:01:39 - 2145 source words - csls_knn_10 - Precision at k = 5: 0.186480
INFO - 04/03/18 22:42:31 - 0:01:40 - 2145 source words - csls_knn_10 - Precision at k = 10: 0.279720
INFO - 04/03/18 22:42:31 - 0:01:40 - Discriminator source / target predictions: 0.86982 / 0.14029
INFO - 04/03/18 22:42:31 - 0:01:40 - Discriminator source / target / global accuracy: 0.99940 / 0.94723 / 0.96778
INFO - 04/03/18 22:42:31 - 0:01:40 - __log__:{"n_epoch": 14, "mean_cosine-csls_knn_10-S2T-10000": 0.5955257415771484, "precision_at_1-csls_knn_10": 0.0, "precision_at_5-csls_knn_10": 0.1864801864801865, "precision_at_10-csls_knn_10": 0.27972027972027974, "dis_accu": 0.9677760790309302, "dis_src_pred": 0.8698247664987098, "dis_tgt_pred": 0.14028905365870145}
INFO - 04/03/18 22:42:31 - 0:01:40 - * Best value for "mean_cosine-csls_knn_10-S2T-10000": 0.59553
INFO - 04/03/18 22:42:31 - 0:01:40 - * Saving the mapping to /disk/xfbai/mywork/muse2/dumped/debug/hlvoq2faq8/best_mapping.pth ...
INFO - 04/03/18 22:42:31 - 0:01:40 - End of epoch 14.
                                     
                                     
INFO - 04/03/18 22:42:31 - 0:01:40 - Decreasing learning rate: 0.01884105 -> 0.01846423
INFO - 04/03/18 22:42:31 - 0:01:40 - Starting adversarial training epoch 15...
INFO - 04/03/18 22:42:31 - 0:01:40 - 000000 - Discriminator loss: 0.3524 - 32672 samples/s
INFO - 04/03/18 22:42:32 - 0:01:41 - 032000 - Discriminator loss: 0.3493 - 41865 samples/s
INFO - 04/03/18 22:42:34 - 0:01:43 - 064000 - Discriminator loss: 0.3488 - 40555 samples/s
INFO - 04/03/18 22:42:35 - 0:01:44 - 096000 - Discriminator loss: 0.3486 - 41959 samples/s
INFO - 04/03/18 22:42:36 - 0:01:45 - Building the train dictionary ...
INFO - 04/03/18 22:42:36 - 0:01:45 - New train dictionary of 3349 pairs.
INFO - 04/03/18 22:42:36 - 0:01:45 - Mean cosine (csls_knn_10 method, S2T build, 10000 max size): 0.59639
INFO - 04/03/18 22:42:36 - 0:01:45 - Found 3311 pairs of words in the dictionary (2145 unique). 45522 other pairs contained at least one unknown word (44366 in lang1, 32688 in lang2)
INFO - 04/03/18 22:42:37 - 0:01:46 - 2145 source words - csls_knn_10 - Precision at k = 1: 0.000000
INFO - 04/03/18 22:42:37 - 0:01:46 - 2145 source words - csls_knn_10 - Precision at k = 5: 0.186480
INFO - 04/03/18 22:42:37 - 0:01:46 - 2145 source words - csls_knn_10 - Precision at k = 10: 0.233100
INFO - 04/03/18 22:42:37 - 0:01:46 - Discriminator source / target predictions: 0.89536 / 0.16968
INFO - 04/03/18 22:42:37 - 0:01:46 - Discriminator source / target / global accuracy: 0.99970 / 0.92744 / 0.95590
INFO - 04/03/18 22:42:37 - 0:01:46 - __log__:{"n_epoch": 15, "mean_cosine-csls_knn_10-S2T-10000": 0.5963873863220215, "precision_at_1-csls_knn_10": 0.0, "precision_at_5-csls_knn_10": 0.1864801864801865, "precision_at_10-csls_knn_10": 0.2331002331002331, "dis_accu": 0.9558979183817476, "dis_src_pred": 0.8953592490975485, "dis_tgt_pred": 0.16968221101692316}
INFO - 04/03/18 22:42:37 - 0:01:46 - * Best value for "mean_cosine-csls_knn_10-S2T-10000": 0.59639
INFO - 04/03/18 22:42:37 - 0:01:46 - * Saving the mapping to /disk/xfbai/mywork/muse2/dumped/debug/hlvoq2faq8/best_mapping.pth ...
INFO - 04/03/18 22:42:37 - 0:01:46 - End of epoch 15.
                                     
                                     
INFO - 04/03/18 22:42:37 - 0:01:46 - Decreasing learning rate: 0.01846423 -> 0.01809494
INFO - 04/03/18 22:42:37 - 0:01:46 - Starting adversarial training epoch 16...
INFO - 04/03/18 22:42:37 - 0:01:46 - 000000 - Discriminator loss: 0.3471 - 27512 samples/s
INFO - 04/03/18 22:42:39 - 0:01:48 - 032000 - Discriminator loss: 0.3486 - 35813 samples/s
INFO - 04/03/18 22:42:41 - 0:01:49 - 064000 - Discriminator loss: 0.3477 - 40649 samples/s
INFO - 04/03/18 22:42:42 - 0:01:51 - 096000 - Discriminator loss: 0.3480 - 39303 samples/s
INFO - 04/03/18 22:42:43 - 0:01:52 - Building the train dictionary ...
INFO - 04/03/18 22:42:43 - 0:01:52 - New train dictionary of 3349 pairs.
INFO - 04/03/18 22:42:43 - 0:01:52 - Mean cosine (csls_knn_10 method, S2T build, 10000 max size): 0.59714
INFO - 04/03/18 22:42:43 - 0:01:52 - Found 3311 pairs of words in the dictionary (2145 unique). 45522 other pairs contained at least one unknown word (44366 in lang1, 32688 in lang2)
INFO - 04/03/18 22:42:44 - 0:01:52 - 2145 source words - csls_knn_10 - Precision at k = 1: 0.046620
INFO - 04/03/18 22:42:44 - 0:01:52 - 2145 source words - csls_knn_10 - Precision at k = 5: 0.233100
INFO - 04/03/18 22:42:44 - 0:01:53 - 2145 source words - csls_knn_10 - Precision at k = 10: 0.279720
INFO - 04/03/18 22:42:44 - 0:01:53 - Discriminator source / target predictions: 0.89606 / 0.17136
INFO - 04/03/18 22:42:44 - 0:01:53 - Discriminator source / target / global accuracy: 0.99881 / 0.92841 / 0.95613
INFO - 04/03/18 22:42:44 - 0:01:53 - __log__:{"n_epoch": 16, "mean_cosine-csls_knn_10-S2T-10000": 0.5971449613571167, "precision_at_1-csls_knn_10": 0.046620046620046623, "precision_at_5-csls_knn_10": 0.2331002331002331, "precision_at_10-csls_knn_10": 0.27972027972027974, "dis_accu": 0.9561331294837117, "dis_src_pred": 0.8960613713989901, "dis_tgt_pred": 0.17136184923509104}
INFO - 04/03/18 22:42:44 - 0:01:53 - * Best value for "mean_cosine-csls_knn_10-S2T-10000": 0.59714
INFO - 04/03/18 22:42:44 - 0:01:53 - * Saving the mapping to /disk/xfbai/mywork/muse2/dumped/debug/hlvoq2faq8/best_mapping.pth ...
INFO - 04/03/18 22:42:44 - 0:01:53 - End of epoch 16.
                                     
                                     
INFO - 04/03/18 22:42:44 - 0:01:53 - Decreasing learning rate: 0.01809494 -> 0.01773304
INFO - 04/03/18 22:42:44 - 0:01:53 - Starting adversarial training epoch 17...
INFO - 04/03/18 22:42:44 - 0:01:53 - 000000 - Discriminator loss: 0.3468 - 27420 samples/s
INFO - 04/03/18 22:42:46 - 0:01:55 - 032000 - Discriminator loss: 0.3486 - 32580 samples/s
INFO - 04/03/18 22:42:48 - 0:01:56 - 064000 - Discriminator loss: 0.3472 - 35964 samples/s
INFO - 04/03/18 22:42:49 - 0:01:58 - 096000 - Discriminator loss: 0.3477 - 41208 samples/s
INFO - 04/03/18 22:42:50 - 0:01:59 - Building the train dictionary ...
INFO - 04/03/18 22:42:50 - 0:01:59 - New train dictionary of 3349 pairs.
INFO - 04/03/18 22:42:50 - 0:01:59 - Mean cosine (csls_knn_10 method, S2T build, 10000 max size): 0.59389
INFO - 04/03/18 22:42:50 - 0:01:59 - Found 3311 pairs of words in the dictionary (2145 unique). 45522 other pairs contained at least one unknown word (44366 in lang1, 32688 in lang2)
INFO - 04/03/18 22:42:51 - 0:01:59 - 2145 source words - csls_knn_10 - Precision at k = 1: 0.046620
INFO - 04/03/18 22:42:51 - 0:02:00 - 2145 source words - csls_knn_10 - Precision at k = 5: 0.279720
INFO - 04/03/18 22:42:51 - 0:02:00 - 2145 source words - csls_knn_10 - Precision at k = 10: 0.372960
INFO - 04/03/18 22:42:51 - 0:02:00 - Discriminator source / target predictions: 0.90422 / 0.18178
INFO - 04/03/18 22:42:51 - 0:02:00 - Discriminator source / target / global accuracy: 0.99970 / 0.92336 / 0.95343
INFO - 04/03/18 22:42:51 - 0:02:00 - __log__:{"n_epoch": 17, "mean_cosine-csls_knn_10-S2T-10000": 0.5938873887062073, "precision_at_1-csls_knn_10": 0.046620046620046623, "precision_at_5-csls_knn_10": 0.27972027972027974, "precision_at_10-csls_knn_10": 0.372960372960373, "dis_accu": 0.9534282018111255, "dis_src_pred": 0.9042208060626664, "dis_tgt_pred": 0.1817797482036109}
INFO - 04/03/18 22:42:51 - 0:02:00 - End of epoch 17.
                                     
                                     
INFO - 04/03/18 22:42:51 - 0:02:00 - Decreasing learning rate: 0.01773304 -> 0.01737838
INFO - 04/03/18 22:42:51 - 0:02:00 - Validation metric is smaller than the best: 0.59389 vs 0.59714
INFO - 04/03/18 22:42:51 - 0:02:00 - Shrinking the learning rate: 0.01738 -> 0.00869
INFO - 04/03/18 22:42:51 - 0:02:00 - Starting adversarial training epoch 18...
INFO - 04/03/18 22:42:51 - 0:02:00 - 000000 - Discriminator loss: 0.3469 - 28208 samples/s
INFO - 04/03/18 22:42:53 - 0:02:01 - 032000 - Discriminator loss: 0.3481 - 39485 samples/s
INFO - 04/03/18 22:42:54 - 0:02:03 - 064000 - Discriminator loss: 0.3452 - 38847 samples/s
INFO - 04/03/18 22:42:56 - 0:02:05 - 096000 - Discriminator loss: 0.3444 - 37259 samples/s
INFO - 04/03/18 22:42:57 - 0:02:06 - Building the train dictionary ...
INFO - 04/03/18 22:42:57 - 0:02:06 - New train dictionary of 3349 pairs.
INFO - 04/03/18 22:42:57 - 0:02:06 - Mean cosine (csls_knn_10 method, S2T build, 10000 max size): 0.58978
INFO - 04/03/18 22:42:57 - 0:02:06 - Found 3311 pairs of words in the dictionary (2145 unique). 45522 other pairs contained at least one unknown word (44366 in lang1, 32688 in lang2)
INFO - 04/03/18 22:42:57 - 0:02:06 - 2145 source words - csls_knn_10 - Precision at k = 1: 0.000000
INFO - 04/03/18 22:42:57 - 0:02:06 - 2145 source words - csls_knn_10 - Precision at k = 5: 0.233100
INFO - 04/03/18 22:42:58 - 0:02:06 - 2145 source words - csls_knn_10 - Precision at k = 10: 0.419580
INFO - 04/03/18 22:42:58 - 0:02:06 - Discriminator source / target predictions: 0.90154 / 0.16559
INFO - 04/03/18 22:42:58 - 0:02:06 - Discriminator source / target / global accuracy: 0.99970 / 0.93714 / 0.96178
INFO - 04/03/18 22:42:58 - 0:02:06 - __log__:{"n_epoch": 18, "mean_cosine-csls_knn_10-S2T-10000": 0.5897819399833679, "precision_at_1-csls_knn_10": 0.0, "precision_at_5-csls_knn_10": 0.2331002331002331, "precision_at_10-csls_knn_10": 0.4195804195804196, "dis_accu": 0.9617781959308479, "dis_src_pred": 0.9015427743295799, "dis_tgt_pred": 0.16558684941076196}
INFO - 04/03/18 22:42:58 - 0:02:06 - End of epoch 18.
                                     
                                     
INFO - 04/03/18 22:42:58 - 0:02:06 - Decreasing learning rate: 0.00868919 -> 0.00851541
INFO - 04/03/18 22:42:58 - 0:02:06 - Validation metric is smaller than the best: 0.58978 vs 0.59714
INFO - 04/03/18 22:42:58 - 0:02:06 - Shrinking the learning rate: 0.00852 -> 0.00426
INFO - 04/03/18 22:42:58 - 0:02:06 - Starting adversarial training epoch 19...
INFO - 04/03/18 22:42:58 - 0:02:06 - 000000 - Discriminator loss: 0.3425 - 27733 samples/s
INFO - 04/03/18 22:42:59 - 0:02:08 - 032000 - Discriminator loss: 0.3435 - 39439 samples/s
INFO - 04/03/18 22:43:01 - 0:02:10 - 064000 - Discriminator loss: 0.3428 - 41211 samples/s
INFO - 04/03/18 22:43:02 - 0:02:11 - 096000 - Discriminator loss: 0.3422 - 42226 samples/s
INFO - 04/03/18 22:43:03 - 0:02:12 - Building the train dictionary ...
INFO - 04/03/18 22:43:03 - 0:02:12 - New train dictionary of 3349 pairs.
INFO - 04/03/18 22:43:03 - 0:02:12 - Mean cosine (csls_knn_10 method, S2T build, 10000 max size): 0.58713
INFO - 04/03/18 22:43:03 - 0:02:12 - Found 3311 pairs of words in the dictionary (2145 unique). 45522 other pairs contained at least one unknown word (44366 in lang1, 32688 in lang2)
INFO - 04/03/18 22:43:04 - 0:02:13 - 2145 source words - csls_knn_10 - Precision at k = 1: 0.000000
INFO - 04/03/18 22:43:04 - 0:02:13 - 2145 source words - csls_knn_10 - Precision at k = 5: 0.279720
INFO - 04/03/18 22:43:04 - 0:02:13 - 2145 source words - csls_knn_10 - Precision at k = 10: 0.419580
INFO - 04/03/18 22:43:04 - 0:02:13 - Discriminator source / target predictions: 0.91397 / 0.17929
INFO - 04/03/18 22:43:04 - 0:02:13 - Discriminator source / target / global accuracy: 0.99970 / 0.93423 / 0.96001
INFO - 04/03/18 22:43:04 - 0:02:13 - __log__:{"n_epoch": 19, "mean_cosine-csls_knn_10-S2T-10000": 0.5871318578720093, "precision_at_1-csls_knn_10": 0.0, "precision_at_5-csls_knn_10": 0.27972027972027974, "precision_at_10-csls_knn_10": 0.4195804195804196, "dis_accu": 0.9600141126661178, "dis_src_pred": 0.9139656458783058, "dis_tgt_pred": 0.17928950490049084}
INFO - 04/03/18 22:43:04 - 0:02:13 - End of epoch 19.
                                     
                                     
INFO - 04/03/18 22:43:04 - 0:02:13 - Decreasing learning rate: 0.00425770 -> 0.00417255
INFO - 04/03/18 22:43:04 - 0:02:13 - Validation metric is smaller than the best: 0.58713 vs 0.59714
INFO - 04/03/18 22:43:04 - 0:02:13 - Shrinking the learning rate: 0.00417 -> 0.00209
INFO - 04/03/18 22:43:04 - 0:02:13 - Starting adversarial training epoch 20...
INFO - 04/03/18 22:43:04 - 0:02:13 - 000000 - Discriminator loss: 0.3413 - 39430 samples/s
INFO - 04/03/18 22:43:06 - 0:02:15 - 032000 - Discriminator loss: 0.3413 - 31375 samples/s
INFO - 04/03/18 22:43:08 - 0:02:17 - 064000 - Discriminator loss: 0.3405 - 33943 samples/s
INFO - 04/03/18 22:43:10 - 0:02:18 - 096000 - Discriminator loss: 0.3401 - 41198 samples/s
INFO - 04/03/18 22:43:10 - 0:02:19 - Building the train dictionary ...
INFO - 04/03/18 22:43:10 - 0:02:19 - New train dictionary of 3349 pairs.
INFO - 04/03/18 22:43:10 - 0:02:19 - Mean cosine (csls_knn_10 method, S2T build, 10000 max size): 0.58425
INFO - 04/03/18 22:43:10 - 0:02:19 - Found 3311 pairs of words in the dictionary (2145 unique). 45522 other pairs contained at least one unknown word (44366 in lang1, 32688 in lang2)
INFO - 04/03/18 22:43:11 - 0:02:20 - 2145 source words - csls_knn_10 - Precision at k = 1: 0.000000
INFO - 04/03/18 22:43:11 - 0:02:20 - 2145 source words - csls_knn_10 - Precision at k = 5: 0.279720
INFO - 04/03/18 22:43:11 - 0:02:20 - 2145 source words - csls_knn_10 - Precision at k = 10: 0.372960
INFO - 04/03/18 22:43:11 - 0:02:20 - Discriminator source / target predictions: 0.91624 / 0.17711
INFO - 04/03/18 22:43:11 - 0:02:20 - Discriminator source / target / global accuracy: 0.99970 / 0.93888 / 0.96284
INFO - 04/03/18 22:43:11 - 0:02:20 - __log__:{"n_epoch": 20, "mean_cosine-csls_knn_10-S2T-10000": 0.5842512845993042, "precision_at_1-csls_knn_10": 0.0, "precision_at_5-csls_knn_10": 0.27972027972027974, "precision_at_10-csls_knn_10": 0.372960372960373, "dis_accu": 0.962836645889686, "dis_src_pred": 0.9162358175857489, "dis_tgt_pred": 0.17711172319029278}
INFO - 04/03/18 22:43:11 - 0:02:20 - End of epoch 20.
                                     
                                     
INFO - 04/03/18 22:43:11 - 0:02:20 - Decreasing learning rate: 0.00208627 -> 0.00204455
INFO - 04/03/18 22:43:11 - 0:02:20 - Validation metric is smaller than the best: 0.58425 vs 0.59714
INFO - 04/03/18 22:43:11 - 0:02:20 - Shrinking the learning rate: 0.00204 -> 0.00102
INFO - 04/03/18 22:43:11 - 0:02:20 - Starting adversarial training epoch 21...
INFO - 04/03/18 22:43:11 - 0:02:20 - 000000 - Discriminator loss: 0.3396 - 27919 samples/s
INFO - 04/03/18 22:43:13 - 0:02:22 - 032000 - Discriminator loss: 0.3396 - 41863 samples/s
INFO - 04/03/18 22:43:14 - 0:02:23 - 064000 - Discriminator loss: 0.3392 - 42288 samples/s
INFO - 04/03/18 22:43:16 - 0:02:25 - 096000 - Discriminator loss: 0.3388 - 38778 samples/s
INFO - 04/03/18 22:43:17 - 0:02:26 - Building the train dictionary ...
INFO - 04/03/18 22:43:17 - 0:02:26 - New train dictionary of 3349 pairs.
INFO - 04/03/18 22:43:17 - 0:02:26 - Mean cosine (csls_knn_10 method, S2T build, 10000 max size): 0.58132
INFO - 04/03/18 22:43:17 - 0:02:26 - Found 3311 pairs of words in the dictionary (2145 unique). 45522 other pairs contained at least one unknown word (44366 in lang1, 32688 in lang2)
INFO - 04/03/18 22:43:17 - 0:02:26 - 2145 source words - csls_knn_10 - Precision at k = 1: 0.000000
INFO - 04/03/18 22:43:17 - 0:02:26 - 2145 source words - csls_knn_10 - Precision at k = 5: 0.326340
INFO - 04/03/18 22:43:18 - 0:02:26 - 2145 source words - csls_knn_10 - Precision at k = 10: 0.372960
INFO - 04/03/18 22:43:18 - 0:02:26 - Discriminator source / target predictions: 0.90692 / 0.15505
INFO - 04/03/18 22:43:18 - 0:02:26 - Discriminator source / target / global accuracy: 0.99970 / 0.95363 / 0.97177
INFO - 04/03/18 22:43:18 - 0:02:26 - __log__:{"n_epoch": 21, "mean_cosine-csls_knn_10-S2T-10000": 0.5813232660293579, "precision_at_1-csls_knn_10": 0.0, "precision_at_5-csls_knn_10": 0.32634032634032634, "precision_at_10-csls_knn_10": 0.372960372960373, "dis_accu": 0.9717746677643184, "dis_src_pred": 0.9069179280208595, "dis_tgt_pred": 0.15505134551773236}
INFO - 04/03/18 22:43:18 - 0:02:26 - End of epoch 21.
                                     
                                     
INFO - 04/03/18 22:43:18 - 0:02:26 - Decreasing learning rate: 0.00102227 -> 0.00100183
INFO - 04/03/18 22:43:18 - 0:02:26 - Validation metric is smaller than the best: 0.58132 vs 0.59714
INFO - 04/03/18 22:43:18 - 0:02:26 - Shrinking the learning rate: 0.00100 -> 0.00050
INFO - 04/03/18 22:43:18 - 0:02:26 - Starting adversarial training epoch 22...
INFO - 04/03/18 22:43:18 - 0:02:26 - 000000 - Discriminator loss: 0.3380 - 36900 samples/s
INFO - 04/03/18 22:43:19 - 0:02:28 - 032000 - Discriminator loss: 0.3384 - 37186 samples/s
INFO - 04/03/18 22:43:21 - 0:02:30 - 064000 - Discriminator loss: 0.3380 - 35260 samples/s
INFO - 04/03/18 22:43:23 - 0:02:32 - 096000 - Discriminator loss: 0.3377 - 38343 samples/s
INFO - 04/03/18 22:43:24 - 0:02:33 - Building the train dictionary ...
INFO - 04/03/18 22:43:24 - 0:02:33 - New train dictionary of 3349 pairs.
INFO - 04/03/18 22:43:24 - 0:02:33 - Mean cosine (csls_knn_10 method, S2T build, 10000 max size): 0.57827
INFO - 04/03/18 22:43:24 - 0:02:33 - Found 3311 pairs of words in the dictionary (2145 unique). 45522 other pairs contained at least one unknown word (44366 in lang1, 32688 in lang2)
INFO - 04/03/18 22:43:24 - 0:02:33 - 2145 source words - csls_knn_10 - Precision at k = 1: 0.000000
INFO - 04/03/18 22:43:24 - 0:02:33 - 2145 source words - csls_knn_10 - Precision at k = 5: 0.326340
INFO - 04/03/18 22:43:25 - 0:02:33 - 2145 source words - csls_knn_10 - Precision at k = 10: 0.419580
INFO - 04/03/18 22:43:25 - 0:02:33 - Discriminator source / target predictions: 0.91378 / 0.16383
INFO - 04/03/18 22:43:25 - 0:02:33 - Discriminator source / target / global accuracy: 0.99970 / 0.95266 / 0.97119
INFO - 04/03/18 22:43:25 - 0:02:33 - __log__:{"n_epoch": 22, "mean_cosine-csls_knn_10-S2T-10000": 0.57827228307724, "precision_at_1-csls_knn_10": 0.0, "precision_at_5-csls_knn_10": 0.32634032634032634, "precision_at_10-csls_knn_10": 0.4195804195804196, "dis_accu": 0.9711866400094085, "dis_src_pred": 0.9137827309344057, "dis_tgt_pred": 0.16383330981624064}
INFO - 04/03/18 22:43:25 - 0:02:33 - End of epoch 22.
                                     
                                     
INFO - 04/03/18 22:43:25 - 0:02:33 - Decreasing learning rate: 0.00050091 -> 0.00049090
INFO - 04/03/18 22:43:25 - 0:02:33 - Validation metric is smaller than the best: 0.57827 vs 0.59714
INFO - 04/03/18 22:43:25 - 0:02:33 - Shrinking the learning rate: 0.00049 -> 0.00025
INFO - 04/03/18 22:43:25 - 0:02:33 - Starting adversarial training epoch 23...
INFO - 04/03/18 22:43:25 - 0:02:33 - 000000 - Discriminator loss: 0.3375 - 34374 samples/s
INFO - 04/03/18 22:43:26 - 0:02:35 - 032000 - Discriminator loss: 0.3375 - 39463 samples/s
INFO - 04/03/18 22:43:28 - 0:02:37 - 064000 - Discriminator loss: 0.3370 - 38334 samples/s
INFO - 04/03/18 22:43:29 - 0:02:38 - 096000 - Discriminator loss: 0.3367 - 41822 samples/s
INFO - 04/03/18 22:43:30 - 0:02:39 - Building the train dictionary ...
INFO - 04/03/18 22:43:30 - 0:02:39 - New train dictionary of 3349 pairs.
INFO - 04/03/18 22:43:30 - 0:02:39 - Mean cosine (csls_knn_10 method, S2T build, 10000 max size): 0.57534
INFO - 04/03/18 22:43:30 - 0:02:39 - Found 3311 pairs of words in the dictionary (2145 unique). 45522 other pairs contained at least one unknown word (44366 in lang1, 32688 in lang2)
INFO - 04/03/18 22:43:31 - 0:02:40 - 2145 source words - csls_knn_10 - Precision at k = 1: 0.000000
INFO - 04/03/18 22:43:31 - 0:02:40 - 2145 source words - csls_knn_10 - Precision at k = 5: 0.326340
INFO - 04/03/18 22:43:31 - 0:02:40 - 2145 source words - csls_knn_10 - Precision at k = 10: 0.419580
INFO - 04/03/18 22:43:31 - 0:02:40 - Discriminator source / target predictions: 0.90657 / 0.14747
INFO - 04/03/18 22:43:31 - 0:02:40 - Discriminator source / target / global accuracy: 0.99970 / 0.96333 / 0.97765
INFO - 04/03/18 22:43:31 - 0:02:40 - __log__:{"n_epoch": 23, "mean_cosine-csls_knn_10-S2T-10000": 0.575343906879425, "precision_at_1-csls_knn_10": 0.0, "precision_at_5-csls_knn_10": 0.32634032634032634, "precision_at_10-csls_knn_10": 0.4195804195804196, "dis_accu": 0.9776549453134188, "dis_src_pred": 0.9065679375913187, "dis_tgt_pred": 0.1474695630630151}
INFO - 04/03/18 22:43:31 - 0:02:40 - End of epoch 23.
                                     
                                     
INFO - 04/03/18 22:43:31 - 0:02:40 - Decreasing learning rate: 0.00024545 -> 0.00024054
INFO - 04/03/18 22:43:31 - 0:02:40 - Validation metric is smaller than the best: 0.57534 vs 0.59714
INFO - 04/03/18 22:43:31 - 0:02:40 - Shrinking the learning rate: 0.00024 -> 0.00012
INFO - 04/03/18 22:43:31 - 0:02:40 - Starting adversarial training epoch 24...
INFO - 04/03/18 22:43:31 - 0:02:40 - 000000 - Discriminator loss: 0.3358 - 39663 samples/s
INFO - 04/03/18 22:43:33 - 0:02:42 - 032000 - Discriminator loss: 0.3365 - 37843 samples/s
INFO - 04/03/18 22:43:35 - 0:02:43 - 064000 - Discriminator loss: 0.3363 - 37456 samples/s
INFO - 04/03/18 22:43:36 - 0:02:45 - 096000 - Discriminator loss: 0.3361 - 39227 samples/s
INFO - 04/03/18 22:43:37 - 0:02:46 - Building the train dictionary ...
INFO - 04/03/18 22:43:37 - 0:02:46 - New train dictionary of 3349 pairs.
INFO - 04/03/18 22:43:37 - 0:02:46 - Mean cosine (csls_knn_10 method, S2T build, 10000 max size): 0.57241
INFO - 04/03/18 22:43:37 - 0:02:46 - Found 3311 pairs of words in the dictionary (2145 unique). 45522 other pairs contained at least one unknown word (44366 in lang1, 32688 in lang2)
INFO - 04/03/18 22:43:38 - 0:02:46 - 2145 source words - csls_knn_10 - Precision at k = 1: 0.046620
INFO - 04/03/18 22:43:38 - 0:02:47 - 2145 source words - csls_knn_10 - Precision at k = 5: 0.326340
INFO - 04/03/18 22:43:38 - 0:02:47 - 2145 source words - csls_knn_10 - Precision at k = 10: 0.419580
INFO - 04/03/18 22:43:38 - 0:02:47 - Discriminator source / target predictions: 0.91492 / 0.15965
INFO - 04/03/18 22:43:38 - 0:02:47 - Discriminator source / target / global accuracy: 0.99970 / 0.96100 / 0.97624
INFO - 04/03/18 22:43:38 - 0:02:47 - __log__:{"n_epoch": 24, "mean_cosine-csls_knn_10-S2T-10000": 0.5724146962165833, "precision_at_1-csls_knn_10": 0.046620046620046623, "precision_at_5-csls_knn_10": 0.32634032634032634, "precision_at_10-csls_knn_10": 0.4195804195804196, "dis_accu": 0.9762436787016348, "dis_src_pred": 0.9149242384410965, "dis_tgt_pred": 0.1596462217015552}
INFO - 04/03/18 22:43:38 - 0:02:47 - End of epoch 24.
                                     
                                     
INFO - 04/03/18 22:43:38 - 0:02:47 - Decreasing learning rate: 0.00012027 -> 0.00011786
INFO - 04/03/18 22:43:38 - 0:02:47 - Validation metric is smaller than the best: 0.57241 vs 0.59714
INFO - 04/03/18 22:43:38 - 0:02:47 - Shrinking the learning rate: 0.00012 -> 0.00006
INFO - 04/03/18 22:43:38 - 0:02:47 - Starting adversarial training epoch 25...
INFO - 04/03/18 22:43:38 - 0:02:47 - 000000 - Discriminator loss: 0.3355 - 41195 samples/s
INFO - 04/03/18 22:43:40 - 0:02:48 - 032000 - Discriminator loss: 0.3359 - 38275 samples/s
INFO - 04/03/18 22:43:41 - 0:02:50 - 064000 - Discriminator loss: 0.3357 - 39760 samples/s
INFO - 04/03/18 22:43:43 - 0:02:52 - 096000 - Discriminator loss: 0.3355 - 39329 samples/s
INFO - 04/03/18 22:43:44 - 0:02:52 - Building the train dictionary ...
INFO - 04/03/18 22:43:44 - 0:02:52 - New train dictionary of 3349 pairs.
INFO - 04/03/18 22:43:44 - 0:02:52 - Mean cosine (csls_knn_10 method, S2T build, 10000 max size): 0.56970
INFO - 04/03/18 22:43:44 - 0:02:53 - Found 3311 pairs of words in the dictionary (2145 unique). 45522 other pairs contained at least one unknown word (44366 in lang1, 32688 in lang2)
INFO - 04/03/18 22:43:44 - 0:02:53 - 2145 source words - csls_knn_10 - Precision at k = 1: 0.046620
INFO - 04/03/18 22:43:44 - 0:02:53 - 2145 source words - csls_knn_10 - Precision at k = 5: 0.326340
INFO - 04/03/18 22:43:45 - 0:02:53 - 2145 source words - csls_knn_10 - Precision at k = 10: 0.419580
INFO - 04/03/18 22:43:45 - 0:02:53 - Discriminator source / target predictions: 0.91267 / 0.15327
INFO - 04/03/18 22:43:45 - 0:02:53 - Discriminator source / target / global accuracy: 0.99970 / 0.96624 / 0.97942
INFO - 04/03/18 22:43:45 - 0:02:53 - __log__:{"n_epoch": 25, "mean_cosine-csls_knn_10-S2T-10000": 0.5697008967399597, "precision_at_1-csls_knn_10": 0.046620046620046623, "precision_at_5-csls_knn_10": 0.32634032634032634, "precision_at_10-csls_knn_10": 0.4195804195804196, "dis_accu": 0.9794190285781489, "dis_src_pred": 0.9126683879909533, "dis_tgt_pred": 0.15326894812860883}
INFO - 04/03/18 22:43:45 - 0:02:53 - End of epoch 25.
                                     
                                     
INFO - 04/03/18 22:43:45 - 0:02:53 - Decreasing learning rate: 0.00005893 -> 0.00005775
INFO - 04/03/18 22:43:45 - 0:02:53 - Validation metric is smaller than the best: 0.56970 vs 0.59714
INFO - 04/03/18 22:43:45 - 0:02:53 - Shrinking the learning rate: 0.00006 -> 0.00003
INFO - 04/03/18 22:43:45 - 0:02:53 - Starting adversarial training epoch 26...
INFO - 04/03/18 22:43:45 - 0:02:53 - 000000 - Discriminator loss: 0.3354 - 37138 samples/s
INFO - 04/03/18 22:43:46 - 0:02:55 - 032000 - Discriminator loss: 0.3352 - 39082 samples/s
INFO - 04/03/18 22:43:48 - 0:02:57 - 064000 - Discriminator loss: 0.3351 - 36215 samples/s
INFO - 04/03/18 22:43:50 - 0:02:59 - 096000 - Discriminator loss: 0.3350 - 36966 samples/s
INFO - 04/03/18 22:43:51 - 0:02:59 - Building the train dictionary ...
INFO - 04/03/18 22:43:51 - 0:02:59 - New train dictionary of 3349 pairs.
INFO - 04/03/18 22:43:51 - 0:02:59 - Mean cosine (csls_knn_10 method, S2T build, 10000 max size): 0.56704
INFO - 04/03/18 22:43:51 - 0:02:59 - Found 3311 pairs of words in the dictionary (2145 unique). 45522 other pairs contained at least one unknown word (44366 in lang1, 32688 in lang2)
INFO - 04/03/18 22:43:51 - 0:03:00 - 2145 source words - csls_knn_10 - Precision at k = 1: 0.046620
INFO - 04/03/18 22:43:51 - 0:03:00 - 2145 source words - csls_knn_10 - Precision at k = 5: 0.326340
INFO - 04/03/18 22:43:51 - 0:03:00 - 2145 source words - csls_knn_10 - Precision at k = 10: 0.466200
INFO - 04/03/18 22:43:51 - 0:03:00 - Discriminator source / target predictions: 0.91997 / 0.16527
INFO - 04/03/18 22:43:51 - 0:03:00 - Discriminator source / target / global accuracy: 0.99970 / 0.96255 / 0.97718
INFO - 04/03/18 22:43:51 - 0:03:00 - __log__:{"n_epoch": 26, "mean_cosine-csls_knn_10-S2T-10000": 0.5670394897460938, "precision_at_1-csls_knn_10": 0.046620046620046623, "precision_at_5-csls_knn_10": 0.32634032634032634, "precision_at_10-csls_knn_10": 0.4662004662004662, "dis_accu": 0.9771845231094908, "dis_src_pred": 0.9199702858159563, "dis_tgt_pred": 0.1652680966366324}
INFO - 04/03/18 22:43:51 - 0:03:00 - End of epoch 26.
                                     
                                     
INFO - 04/03/18 22:43:51 - 0:03:00 - Decreasing learning rate: 0.00002888 -> 0.00002830
INFO - 04/03/18 22:43:51 - 0:03:00 - Validation metric is smaller than the best: 0.56704 vs 0.59714
INFO - 04/03/18 22:43:51 - 0:03:00 - Shrinking the learning rate: 0.00003 -> 0.00001
INFO - 04/03/18 22:43:51 - 0:03:00 - Starting adversarial training epoch 27...
INFO - 04/03/18 22:43:51 - 0:03:00 - 000000 - Discriminator loss: 0.3353 - 39731 samples/s
INFO - 04/03/18 22:43:53 - 0:03:02 - 032000 - Discriminator loss: 0.3347 - 37804 samples/s
INFO - 04/03/18 22:43:55 - 0:03:04 - 064000 - Discriminator loss: 0.3346 - 31244 samples/s
INFO - 04/03/18 22:43:57 - 0:03:06 - 096000 - Discriminator loss: 0.3345 - 39055 samples/s
INFO - 04/03/18 22:43:58 - 0:03:06 - Building the train dictionary ...
INFO - 04/03/18 22:43:58 - 0:03:06 - New train dictionary of 3349 pairs.
INFO - 04/03/18 22:43:58 - 0:03:06 - Mean cosine (csls_knn_10 method, S2T build, 10000 max size): 0.56466
INFO - 04/03/18 22:43:58 - 0:03:07 - Found 3311 pairs of words in the dictionary (2145 unique). 45522 other pairs contained at least one unknown word (44366 in lang1, 32688 in lang2)
INFO - 04/03/18 22:43:58 - 0:03:07 - 2145 source words - csls_knn_10 - Precision at k = 1: 0.046620
INFO - 04/03/18 22:43:58 - 0:03:07 - 2145 source words - csls_knn_10 - Precision at k = 5: 0.279720
INFO - 04/03/18 22:43:58 - 0:03:07 - 2145 source words - csls_knn_10 - Precision at k = 10: 0.512821
INFO - 04/03/18 22:43:58 - 0:03:07 - Discriminator source / target predictions: 0.91586 / 0.15300
INFO - 04/03/18 22:43:58 - 0:03:07 - Discriminator source / target / global accuracy: 0.99970 / 0.96799 / 0.98048
INFO - 04/03/18 22:43:58 - 0:03:07 - __log__:{"n_epoch": 27, "mean_cosine-csls_knn_10-S2T-10000": 0.5646588802337646, "precision_at_1-csls_knn_10": 0.046620046620046623, "precision_at_5-csls_knn_10": 0.27972027972027974, "precision_at_10-csls_knn_10": 0.5128205128205128, "dis_accu": 0.980477478536987, "dis_src_pred": 0.9158618900091764, "dis_tgt_pred": 0.1529959037464125}
INFO - 04/03/18 22:43:58 - 0:03:07 - End of epoch 27.
                                     
                                     
INFO - 04/03/18 22:43:58 - 0:03:07 - Decreasing learning rate: 0.00001415 -> 0.00001387
INFO - 04/03/18 22:43:58 - 0:03:07 - Validation metric is smaller than the best: 0.56466 vs 0.59714
INFO - 04/03/18 22:43:58 - 0:03:07 - Shrinking the learning rate: 0.00001 -> 0.00001
INFO - 04/03/18 22:43:58 - 0:03:07 - Starting adversarial training epoch 28...
INFO - 04/03/18 22:43:58 - 0:03:07 - 000000 - Discriminator loss: 0.3343 - 39298 samples/s
INFO - 04/03/18 22:44:00 - 0:03:09 - 032000 - Discriminator loss: 0.3343 - 42146 samples/s
INFO - 04/03/18 22:44:01 - 0:03:10 - 064000 - Discriminator loss: 0.3342 - 42095 samples/s
INFO - 04/03/18 22:44:03 - 0:03:12 - 096000 - Discriminator loss: 0.3340 - 36691 samples/s
INFO - 04/03/18 22:44:04 - 0:03:13 - Building the train dictionary ...
INFO - 04/03/18 22:44:04 - 0:03:13 - New train dictionary of 3349 pairs.
INFO - 04/03/18 22:44:04 - 0:03:13 - Mean cosine (csls_knn_10 method, S2T build, 10000 max size): 0.56232
INFO - 04/03/18 22:44:04 - 0:03:13 - Found 3311 pairs of words in the dictionary (2145 unique). 45522 other pairs contained at least one unknown word (44366 in lang1, 32688 in lang2)
INFO - 04/03/18 22:44:05 - 0:03:13 - 2145 source words - csls_knn_10 - Precision at k = 1: 0.046620
INFO - 04/03/18 22:44:05 - 0:03:14 - 2145 source words - csls_knn_10 - Precision at k = 5: 0.279720
INFO - 04/03/18 22:44:05 - 0:03:14 - 2145 source words - csls_knn_10 - Precision at k = 10: 0.512821
INFO - 04/03/18 22:44:05 - 0:03:14 - Discriminator source / target predictions: 0.91904 / 0.15829
INFO - 04/03/18 22:44:05 - 0:03:14 - Discriminator source / target / global accuracy: 0.99970 / 0.96837 / 0.98071
INFO - 04/03/18 22:44:05 - 0:03:14 - __log__:{"n_epoch": 28, "mean_cosine-csls_knn_10-S2T-10000": 0.5623217821121216, "precision_at_1-csls_knn_10": 0.046620046620046623, "precision_at_5-csls_knn_10": 0.27972027972027974, "precision_at_10-csls_knn_10": 0.5128205128205128, "dis_accu": 0.980712689638951, "dis_src_pred": 0.9190416173655156, "dis_tgt_pred": 0.15828844402809394}
INFO - 04/03/18 22:44:05 - 0:03:14 - End of epoch 28.
                                     
                                     
INFO - 04/03/18 22:44:05 - 0:03:14 - Decreasing learning rate: 0.00000693 -> 0.00000679
INFO - 04/03/18 22:44:05 - 0:03:14 - Validation metric is smaller than the best: 0.56232 vs 0.59714
INFO - 04/03/18 22:44:05 - 0:03:14 - Shrinking the learning rate: 0.00001 -> 0.00000
INFO - 04/03/18 22:44:05 - 0:03:14 - Starting adversarial training epoch 29...
INFO - 04/03/18 22:44:05 - 0:03:14 - 000000 - Discriminator loss: 0.3334 - 35891 samples/s
INFO - 04/03/18 22:44:07 - 0:03:15 - 032000 - Discriminator loss: 0.3339 - 38219 samples/s
INFO - 04/03/18 22:44:08 - 0:03:17 - 064000 - Discriminator loss: 0.3338 - 41485 samples/s
INFO - 04/03/18 22:44:10 - 0:03:19 - 096000 - Discriminator loss: 0.3337 - 41904 samples/s
INFO - 04/03/18 22:44:11 - 0:03:19 - Building the train dictionary ...
INFO - 04/03/18 22:44:11 - 0:03:19 - New train dictionary of 3349 pairs.
INFO - 04/03/18 22:44:11 - 0:03:19 - Mean cosine (csls_knn_10 method, S2T build, 10000 max size): 0.56026
INFO - 04/03/18 22:44:11 - 0:03:20 - Found 3311 pairs of words in the dictionary (2145 unique). 45522 other pairs contained at least one unknown word (44366 in lang1, 32688 in lang2)
INFO - 04/03/18 22:44:11 - 0:03:20 - 2145 source words - csls_knn_10 - Precision at k = 1: 0.046620
INFO - 04/03/18 22:44:11 - 0:03:20 - 2145 source words - csls_knn_10 - Precision at k = 5: 0.279720
INFO - 04/03/18 22:44:11 - 0:03:20 - 2145 source words - csls_knn_10 - Precision at k = 10: 0.512821
INFO - 04/03/18 22:44:11 - 0:03:20 - Discriminator source / target predictions: 0.91600 / 0.14977
INFO - 04/03/18 22:44:11 - 0:03:20 - Discriminator source / target / global accuracy: 0.99970 / 0.97303 / 0.98354
INFO - 04/03/18 22:44:11 - 0:03:20 - __log__:{"n_epoch": 29, "mean_cosine-csls_knn_10-S2T-10000": 0.5602589249610901, "precision_at_1-csls_knn_10": 0.046620046620046623, "precision_at_5-csls_knn_10": 0.27972027972027974, "precision_at_10-csls_knn_10": 0.5128205128205128, "dis_accu": 0.9835352228625192, "dis_src_pred": 0.9159980631027694, "dis_tgt_pred": 0.1497711985037533}
INFO - 04/03/18 22:44:11 - 0:03:20 - End of epoch 29.
                                     
                                     
INFO - 04/03/18 22:44:11 - 0:03:20 - Decreasing learning rate: 0.00000340 -> 0.00000333
INFO - 04/03/18 22:44:11 - 0:03:20 - Validation metric is smaller than the best: 0.56026 vs 0.59714
INFO - 04/03/18 22:44:11 - 0:03:20 - Shrinking the learning rate: 0.00000 -> 0.00000
INFO - 04/03/18 22:44:11 - 0:03:20 - Starting adversarial training epoch 30...
INFO - 04/03/18 22:44:11 - 0:03:20 - 000000 - Discriminator loss: 0.3335 - 39825 samples/s
INFO - 04/03/18 22:44:13 - 0:03:22 - 032000 - Discriminator loss: 0.3336 - 38222 samples/s
INFO - 04/03/18 22:44:15 - 0:03:24 - 064000 - Discriminator loss: 0.3335 - 40107 samples/s
INFO - 04/03/18 22:44:16 - 0:03:25 - 096000 - Discriminator loss: 0.3334 - 36870 samples/s
INFO - 04/03/18 22:44:17 - 0:03:26 - Building the train dictionary ...
INFO - 04/03/18 22:44:17 - 0:03:26 - New train dictionary of 3349 pairs.
INFO - 04/03/18 22:44:17 - 0:03:26 - Mean cosine (csls_knn_10 method, S2T build, 10000 max size): 0.55824
INFO - 04/03/18 22:44:17 - 0:03:26 - Found 3311 pairs of words in the dictionary (2145 unique). 45522 other pairs contained at least one unknown word (44366 in lang1, 32688 in lang2)
INFO - 04/03/18 22:44:18 - 0:03:27 - 2145 source words - csls_knn_10 - Precision at k = 1: 0.046620
INFO - 04/03/18 22:44:18 - 0:03:27 - 2145 source words - csls_knn_10 - Precision at k = 5: 0.233100
INFO - 04/03/18 22:44:18 - 0:03:27 - 2145 source words - csls_knn_10 - Precision at k = 10: 0.512821
INFO - 04/03/18 22:44:18 - 0:03:27 - Discriminator source / target predictions: 0.91898 / 0.15488
INFO - 04/03/18 22:44:18 - 0:03:27 - Discriminator source / target / global accuracy: 0.99970 / 0.97225 / 0.98306
INFO - 04/03/18 22:44:18 - 0:03:27 - __log__:{"n_epoch": 30, "mean_cosine-csls_knn_10-S2T-10000": 0.558243453502655, "precision_at_1-csls_knn_10": 0.046620046620046623, "precision_at_5-csls_knn_10": 0.2331002331002331, "precision_at_10-csls_knn_10": 0.5128205128205128, "dis_accu": 0.983064800658591, "dis_src_pred": 0.9189803266425601, "dis_tgt_pred": 0.15488193895729951}
INFO - 04/03/18 22:44:18 - 0:03:27 - End of epoch 30.
                                     
                                     
INFO - 04/03/18 22:44:18 - 0:03:27 - Decreasing learning rate: 0.00000166 -> 0.00000163
INFO - 04/03/18 22:44:18 - 0:03:27 - Validation metric is smaller than the best: 0.55824 vs 0.59714
INFO - 04/03/18 22:44:18 - 0:03:27 - Shrinking the learning rate: 0.00000 -> 0.00000
INFO - 04/03/18 22:44:18 - 0:03:27 - Learning rate < 1e-6. BREAK.
